<?xml version="1.0" encoding="UTF-8"?>
<!-- Generated by org.testng.reporters.JUnitReportReporter -->
<testsuite hostname="DESKTOP-IOUA507" failures="0" tests="1" name="testng.generated.test12" time="3.366" errors="0" timestamp="2025-04-10T01:00:38 EET" skipped="0">
  <testcase classname="testng.generated.test12" name="run" time="3.366"/>
  <system-out/>
</testsuite> <!-- testng.generated.test12 -->
