<?xml version="1.0" encoding="UTF-8"?>
<!-- Generated by org.testng.reporters.JUnitReportReporter -->
<testsuite hostname="DESKTOP-IOUA507" failures="0" tests="1" name="testng.generated.testtt" time="14.193" errors="0" timestamp="2025-04-10T03:15:46 EET" skipped="0">
  <testcase classname="testng.generated.testtt" name="run" time="14.193"/>
  <system-out/>
</testsuite> <!-- testng.generated.testtt -->
