<?xml version="1.0" encoding="UTF-8"?>
<!-- Generated by org.testng.reporters.JUnitReportReporter -->
<testsuite hostname="DESKTOP-IOUA507" failures="0" tests="1" name="testng.generated.opengoogle" time="2.175" errors="0" timestamp="2025-04-10T00:31:16 EET" skipped="0">
  <testcase classname="testng.generated.opengoogle" name="run" time="2.175"/>
  <system-out/>
</testsuite> <!-- testng.generated.opengoogle -->
