<?xml version="1.0" encoding="UTF-8"?>
<!-- Generated by org.testng.reporters.JUnitReportReporter -->
<testsuite hostname="DESKTOP-IOUA507" failures="0" tests="1" name="testng.generated.failloginswag" time="5.481" errors="0" timestamp="2025-04-10T02:13:33 EET" skipped="0">
  <testcase classname="testng.generated.failloginswag" name="run" time="5.481"/>
  <system-out/>
</testsuite> <!-- testng.generated.failloginswag -->
