<?xml version="1.0" encoding="UTF-8"?>
<!-- Generated by org.testng.reporters.JUnitReportReporter -->
<testsuite hostname="DESKTOP-IOUA507" failures="0" tests="1" name="testng.generated.test1" time="1.799" errors="0" timestamp="2025-04-10T01:00:38 EET" skipped="0">
  <testcase classname="testng.generated.test1" name="run" time="1.799"/>
  <system-out/>
</testsuite> <!-- testng.generated.test1 -->
