<?xml version="1.0" encoding="UTF-8"?>
<!-- Generated by org.testng.reporters.JUnitReportReporter -->
<testsuite hostname="DESKTOP-IOUA507" failures="0" tests="1" name="testng.generated.test" time="17.473" errors="0" timestamp="2025-04-10T02:30:14 EET" skipped="0">
  <testcase classname="testng.generated.test" name="run" time="17.473"/>
  <system-out/>
</testsuite> <!-- testng.generated.test -->
