<?xml version="1.0" encoding="UTF-8"?>
<!-- Generated by org.testng.reporters.JUnitReportReporter -->
<testsuite hostname="DESKTOP-IOUA507" failures="0" tests="1" name="testng.generated.loginsauce" time="0.010" errors="0" timestamp="2025-04-10T00:26:29 EET" skipped="0">
  <testcase classname="testng.generated.loginsauce" name="run" time="0.010"/>
  <system-out/>
</testsuite> <!-- testng.generated.loginsauce -->
