<?xml version="1.0" encoding="UTF-8"?>
<!-- Generated by org.testng.reporters.JUnitReportReporter -->
<testsuite hostname="DESKTOP-IOUA507" failures="0" tests="1" name="testng.generated.tes" time="9.546" errors="0" timestamp="2025-04-10T00:54:47 EET" skipped="0">
  <testcase classname="testng.generated.tes" name="run" time="9.546"/>
  <system-out/>
</testsuite> <!-- testng.generated.tes -->
