<?xml version="1.0" encoding="UTF-8"?>
<!-- Generated by org.testng.reporters.JUnitReportReporter -->
<testsuite hostname="DESKTOP-IOUA507" failures="0" tests="1" name="testng.generated.t4" time="0.001" errors="0" timestamp="2025-04-10T00:19:31 EET" skipped="0">
  <testcase classname="testng.generated.t4" name="run" time="0.001"/>
  <system-out/>
</testsuite> <!-- testng.generated.t4 -->
