<?xml version="1.0" encoding="UTF-8"?>
<!-- Generated by org.testng.reporters.JUnitReportReporter -->
<testsuite hostname="DESKTOP-IOUA507" failures="0" tests="1" name="testng.generated.loginswag" time="4.972" errors="0" timestamp="2025-04-10T02:13:33 EET" skipped="0">
  <testcase classname="testng.generated.loginswag" name="run" time="4.972"/>
  <system-out/>
</testsuite> <!-- testng.generated.loginswag -->
