<?xml version="1.0" encoding="UTF-8"?>
<!-- Generated by org.testng.reporters.JUnitReportReporter -->
<testsuite hostname="DESKTOP-IOUA507" failures="0" tests="1" name="testng.generated.t2" time="0.008" errors="0" timestamp="2025-04-10T00:19:31 EET" skipped="0">
  <testcase classname="testng.generated.t2" name="run" time="0.008"/>
  <system-out/>
</testsuite> <!-- testng.generated.t2 -->
